0 silly argv {
0 silly argv   _: [ 'bootstrap' ],
0 silly argv   lernaVersion: '4.0.0',
0 silly argv   '$0': 'node_modules\\lerna\\cli.js'
0 silly argv }
1 notice cli v4.0.0
2 verbose rootPath C:\Users\Cory\source\repos\Gaming-Apes-Club\Frontend
3 error JSONError: Unexpected token "}" (0x7D) in JSON at position 1488 while parsing near "...hers\": \"^5.6.8\",\r\n  },\r\n  \"dependencies\"..." in packages\shared-v2\package.json
3 error
3 error [0m [90m 42 |[39m     [32m"@ethersproject/units"[39m[33m:[39m [32m"^5.4.0"[39m[33m,[39m[0m
3 error [0m [90m 43 |[39m     [32m"ethers"[39m[33m:[39m [32m"^5.6.8"[39m[33m,[39m[0m
3 error [0m[31m[1m>[22m[39m[90m 44 |[39m   }[33m,[39m[0m
3 error [0m [90m    |[39m   [31m[1m^[22m[39m[0m
3 error [0m [90m 45 |[39m   [32m"dependencies"[39m[33m:[39m {[0m
3 error [0m [90m 46 |[39m     [32m"@1inch/permit-signed-approvals-utils"[39m[33m:[39m [32m"1.4.2"[39m[33m,[39m[0m
3 error [0m [90m 47 |[39m     [32m"react-player"[39m[33m:[39m [32m"^2.9.0"[39m[33m,[39m[0m
3 error
3 error     at parseJson (C:\Users\Cory\source\repos\Gaming-Apes-Club\Frontend\node_modules\parse-json\index.js:29:21)
3 error     at parse (C:\Users\Cory\source\repos\Gaming-Apes-Club\Frontend\node_modules\load-json-file\index.js:15:9)
3 error     at module.exports (C:\Users\Cory\source\repos\Gaming-Apes-Club\Frontend\node_modules\load-json-file\index.js:18:47)
