Arguments: 
  C:\Program Files\nodejs\node.exe C:\Program Files (x86)\Yarn\bin\yarn.js

PATH: 
  c:\program files\graphicsmagick-1.3.35-q16;C:\Program Files\ImageMagick-7.1.0-Q16-HDRI;C:\Program Files (x86)\Razer\ChromaBroadcast\bin;C:\Program Files\Razer\ChromaBroadcast\bin;C:\Python39\Scripts\;C:\Python39\;C:\Python33\;C:\Program Files (x86)\Common Files\Intel\Shared Libraries\redist\intel64\compiler;C:\Program Files (x86)\Common Files\Oracle\Java\javapath;C:\WINDOWS\system32;C:\WINDOWS;C:\WINDOWS\System32\Wbem;C:\WINDOWS\System32\WindowsPowerShell\v1.0\;C:\WINDOWS\System32\OpenSSH\;C:\Program Files (x86)\NVIDIA Corporation\PhysX\Common;C:\Program Files\NVIDIA Corporation\NVIDIA NvDLISR;C:\Program Files\dotnet\;C:\Program Files\Microsoft SQL Server\130\Tools\Binn\;C:\Program Files\Microsoft SQL Server\Client SDK\ODBC\170\Tools\Binn\;C:\Program Files (x86)\Brackets\command;C:\Program Files\Microsoft\Web Platform Installer\;C:\Program Files (x86)\dotnet\;C:\Program Files (x86)\Microsoft SQL Server\150\DTS\Binn\;C:\Program Files\Git LFS;C:\Program Files\Git\cmd;C:\Users\Cory\Documents\apache-maven-3.6.3-bin\apache-maven-3.6.3\bin;C:\Program Files (x86)\Microsoft SQL Server\150\Tools\Binn\;C:\Program Files\Microsoft SQL Server\150\Tools\Binn\;C:\Program Files\Microsoft SQL Server\150\DTS\Binn\;C:\Program Files (x86)\Yarn\bin\;C:\Program Files (x86)\Common Files\Acronis\VirtualFile\;C:\Program Files (x86)\Common Files\Acronis\VirtualFile64\;C:\Program Files (x86)\Common Files\Acronis\FileProtector\;C:\Program Files (x86)\Common Files\Acronis\FileProtector64\;C:\Program Files (x86)\Common Files\Acronis\SnapAPI\;C:\Windows\system32;C:\Windows;C:\Windows\System32\Wbem;C:\Windows\System32\WindowsPowerShell\v1.0\;C:\Windows\System32\OpenSSH\;C:\Program Files\Docker\Docker\resources\bin;C:\ProgramData\DockerDesktop\version-bin;C:\ProgramData\chocolatey\bin;C:\Windows\system32\config\systemprofile\AppData\Local\Microsoft\WindowsApps;C:\Users\Cory\Downloads\vips-dev-w64-all-8.11.4\vips-dev-8.11\bin;C:\ProgramData\ComposerSetup\bin;C:\xampp\php;C:\Program Files\nodejs\;C:\Program Files\MySQL\MySQL Shell 8.0\bin\;C:\Users\Cory\AppData\Local\Programs\Python\Python36\Scripts\;C:\Users\Cory\AppData\Local\Programs\Python\Python36\;C:\Users\Cory\AppData\Local\Microsoft\WindowsApps;C:\Users\Cory\.dotnet\tools;C:\Users\Cory\AppData\Local\Programs\Microsoft VS Code\bin;C:\Users\Cory\AppData\Local\Yarn\bin;C:\texlive\2020\bin\win32;C:\Users\Cory\AppData\Local\Microsoft\WindowsApps;C:\Users\Cory\AppData\Roaming\Composer\vendor\bin;C:\Users\Cory\AppData\Roaming\npm;C:\Program Files\heroku\bin

Yarn version: 
  1.22.5

Node version: 
  16.13.1

Platform: 
  win32 x64

Trace: 
  SyntaxError: C:\Users\Cory\source\repos\Gaming-Apes-Club\Frontend\package.json: Unexpected token } in JSON at position 1642
      at JSON.parse (<anonymous>)
      at C:\Program Files (x86)\Yarn\lib\cli.js:1625:59
      at Generator.next (<anonymous>)
      at step (C:\Program Files (x86)\Yarn\lib\cli.js:310:30)
      at C:\Program Files (x86)\Yarn\lib\cli.js:321:13

npm manifest: 
  {
    "name": "@gac/market",
    "version": "1.0.0",
    "description": "The market page for GAC",
    "main": "index.tsx",
    "license": "MIT",
    "private": true,
    "files": [
      "dist"
    ],
    "module": "src/index.tsx",
    "scripts": {
      "build": "webpack",
      "build:prod": "webpack --mode production",
      "build:watch": "webpack --watch"
    },
    "peerDependencies": {
      "js-big-decimal": "^1.3.4",
      "axios": "^0.24.0",
      "@fluentui/react": "^8.37.6",
      "@web3-react/core": "8.0.10-beta.0",
      "@web3-react/eip1193": "8.0.5-beta.0",
      "@web3-react/empty": "8.0.3-beta.0",
      "@web3-react/metamask": "8.0.6-beta.0",
      "@web3-react/network": "8.0.5-beta.0",
      "@web3-react/types": "8.0.3-beta.0",
      "@web3-react/url": "8.0.5-beta.0",
      "@web3-react/walletconnect": "8.0.8-beta.0",
      "@web3-react/walletlink": "8.0.10-beta.0",
      "styletron": "^3.0.4",
      "styletron-engine-atomic": "^1.4.8",
      "styletron-react": "^6.0.2",
      "walletlink": "^2.5.0",
      "react": "^17.0.2",
      "react-dom": "^17.0.2",
      "react-query": "^3.34.16",
      "react-toastify": "^8.0.3",
      "@walletconnect/ethereum-provider": "^1.7.1",
      "ethers": "^5.6.8",
      "@ethersproject/bignumber": "^5.4.2",
      "@ethersproject/experimental": "^5.5.0",
      "@ethersproject/providers": "^5.5.1",
      "@ethersproject/units": "^5.4.0"
    },
    "dependencies": {
      "@gac/shared": "^1.0.0",
      "@gac/shared-v2": "^1.0.0",
      "buffer": "^6.0.3",
      "ag-grid-community": "^27.0.1",
      "ag-grid-react": "^27.0.1",
      "@ag-grid-community/core": "^27.0.1",
      "crypto-browserify": "^3.12.0",
      "process": "^0.11.10",
      "react-transition-group": "^4.4.2",
      "url": "^0.11.0",
      "jwt-decode": "^3.1.2",
      "uuid": "^8.3.2",
      "react-datetime-picker": "^3.5.0"
    },
    "devDependencies": {
      "@types/uuid": "^8.3.4",
      "@types/react-datetime-picker": "^3.4.1"
    },
    "prettier": {
      "trailingComma": "es5",
      "tabWidth": 4,
      "semi": true,
      "singleQuote": true
    }
  }

yarn manifest: 
  No manifest

Lockfile: 
  No lockfile
